0 info it worked if it ends with ok
1 verbose cli [ 'C:\\Program Files\\nodejs\\node.exe',
1 verbose cli   'C:\\Program Files\\nodejs\\node_modules\\npm\\bin\\npm-cli.js',
1 verbose cli   'start' ]
2 info using npm@3.8.0
3 info using node@v6.10.3
4 verbose run-script [ 'prestart', 'start', 'poststart' ]
5 info lifecycle tekbook@0.1.0~prestart: tekbook@0.1.0
6 silly lifecycle tekbook@0.1.0~prestart: no script for prestart, continuing
7 info lifecycle tekbook@0.1.0~start: tekbook@0.1.0
8 verbose lifecycle tekbook@0.1.0~start: unsafe-perm in lifecycle true
9 verbose lifecycle tekbook@0.1.0~start: PATH: C:\Program Files\nodejs\node_modules\npm\bin\node-gyp-bin;C:\Projects\TekBook\node_modules\.bin;C:\Program Files\nodejs;C:\ProgramData\Oracle\Java\javapath;C:\Program Files (x86)\Intel\iCLS Client\;C:\Program Files\Intel\iCLS Client\;C:\WINDOWS\system32;C:\WINDOWS;C:\WINDOWS\System32\Wbem;C:\WINDOWS\System32\WindowsPowerShell\v1.0\;C:\Program Files (x86)\Intel\Intel(R) Management Engine Components\DAL;C:\Program Files\Intel\Intel(R) Management Engine Components\DAL;C:\Program Files (x86)\Intel\Intel(R) Management Engine Components\IPT;C:\Program Files\Intel\Intel(R) Management Engine Components\IPT;c:\Program Files (x86)\ATI Technologies\ATI.ACE\Core-Static;C:\TDM-GCC-64\bin;C:\Program Files\MATLAB\R2016a\runtime\win64;C:\Program Files\MATLAB\R2016a\bin;C:\Program Files\MATLAB\R2016a\polyspace\bin;C:\Program Files\Git\cmd;C:\MinGW\bin;C:\Program Files (x86)\Windows Kits\10\Windows Performance Toolkit\;C:\Program Files\nodejs\;C:\Users\Hp\Anaconda2;C:\Users\Hp\Anaconda2\Scripts;C:\Users\Hp\Anaconda2\Library\bin;C:\Program Files\Java\jdk1.8.0_102\bin;C:\Users\Hp\AppData\Local\Microsoft\WindowsApps;C:\Users\Hp\AppData\Local\atom\bin;C:\Program Files\Heroku\bin;C:\Users\Hp\AppData\Roaming\npm
10 verbose lifecycle tekbook@0.1.0~start: CWD: C:\Projects\TekBook
11 silly lifecycle tekbook@0.1.0~start: Args: [ '/d /s /c', 'node server.js' ]
12 silly lifecycle tekbook@0.1.0~start: Returned: code: 1  signal: null
13 info lifecycle tekbook@0.1.0~start: Failed to exec start script
14 verbose stack Error: tekbook@0.1.0 start: `node server.js`
14 verbose stack Exit status 1
14 verbose stack     at EventEmitter.<anonymous> (C:\Program Files\nodejs\node_modules\npm\lib\utils\lifecycle.js:239:16)
14 verbose stack     at emitTwo (events.js:106:13)
14 verbose stack     at EventEmitter.emit (events.js:191:7)
14 verbose stack     at ChildProcess.<anonymous> (C:\Program Files\nodejs\node_modules\npm\lib\utils\spawn.js:24:14)
14 verbose stack     at emitTwo (events.js:106:13)
14 verbose stack     at ChildProcess.emit (events.js:191:7)
14 verbose stack     at maybeClose (internal/child_process.js:886:16)
14 verbose stack     at Process.ChildProcess._handle.onexit (internal/child_process.js:226:5)
15 verbose pkgid tekbook@0.1.0
16 verbose cwd C:\Projects\TekBook
17 error Windows_NT 10.0.16299
18 error argv "C:\\Program Files\\nodejs\\node.exe" "C:\\Program Files\\nodejs\\node_modules\\npm\\bin\\npm-cli.js" "start"
19 error node v6.10.3
20 error npm  v3.8.0
21 error code ELIFECYCLE
22 error tekbook@0.1.0 start: `node server.js`
22 error Exit status 1
23 error Failed at the tekbook@0.1.0 start script 'node server.js'.
23 error Make sure you have the latest version of node.js and npm installed.
23 error If you do, this is most likely a problem with the tekbook package,
23 error not with npm itself.
23 error Tell the author that this fails on your system:
23 error     node server.js
23 error You can get information on how to open an issue for this project with:
23 error     npm bugs tekbook
23 error Or if that isn't available, you can get their info via:
23 error     npm owner ls tekbook
23 error There is likely additional logging output above.
24 verbose exit [ 1, true ]
